2024-05-05 06:21:51 INFO     Kotlin dataset is prepared, train: 34798, dev: 1832, test: 18043
2024-05-05 06:21:51 INFO     kotlin dataset was loaded successfully
2024-05-05 06:21:56 INFO     We will use 90% of the memory on device 0 for storing the model, and 10% for the buffer to avoid OOM. You can set `max_memory` in to a higher value to use more memory (at your own risk).
2024-05-05 06:21:59 INFO     phi model was loaded successfully

  0%|          | 0/229 [00:00<?, ?it/s]
  0%|          | 1/229 [00:00<01:18,  2.90it/s]
  1%|          | 2/229 [00:01<02:18,  1.64it/s]
  1%|▏         | 3/229 [00:01<02:11,  1.72it/s]
  2%|▏         | 4/229 [00:02<02:10,  1.73it/s]
  2%|▏         | 5/229 [00:02<01:54,  1.96it/s]
  3%|▎         | 6/229 [00:03<02:15,  1.65it/s]
  3%|▎         | 7/229 [00:03<01:56,  1.90it/s]
  3%|▎         | 8/229 [00:04<02:15,  1.63it/s]
  4%|▍         | 9/229 [00:05<02:11,  1.67it/s]
  4%|▍         | 10/229 [00:05<01:52,  1.95it/s]
  5%|▍         | 11/229 [00:06<02:10,  1.67it/s]
  6%|▌         | 13/229 [00:06<01:27,  2.48it/s]
  6%|▌         | 14/229 [00:06<01:20,  2.67it/s]
  7%|▋         | 15/229 [00:07<01:43,  2.07it/s]
  7%|▋         | 16/229 [00:08<02:03,  1.73it/s]
  7%|▋         | 17/229 [00:09<01:59,  1.78it/s]
  8%|▊         | 18/229 [00:09<02:10,  1.62it/s]
  8%|▊         | 19/229 [00:10<02:20,  1.49it/s]
  9%|▊         | 20/229 [00:10<01:59,  1.75it/s]
  9%|▉         | 21/229 [00:11<01:48,  1.91it/s]
 10%|▉         | 22/229 [00:11<01:47,  1.93it/s]
 10%|█         | 23/229 [00:12<01:38,  2.08it/s]
 10%|█         | 24/229 [00:13<01:58,  1.73it/s]
 11%|█         | 25/229 [00:13<01:32,  2.20it/s]
 11%|█▏        | 26/229 [00:14<01:53,  1.79it/s]
 12%|█▏        | 27/229 [00:14<02:06,  1.59it/s]
 12%|█▏        | 28/229 [00:15<02:16,  1.47it/s]
 13%|█▎        | 29/229 [00:16<02:20,  1.43it/s]
 13%|█▎        | 30/229 [00:17<02:26,  1.36it/s]
 14%|█▎        | 31/229 [00:17<02:04,  1.59it/s]
 14%|█▍        | 32/229 [00:18<02:14,  1.46it/s]
 14%|█▍        | 33/229 [00:19<02:21,  1.38it/s]
 15%|█▍        | 34/229 [00:20<02:25,  1.34it/s]
 15%|█▌        | 35/229 [00:20<01:56,  1.66it/s]
 16%|█▌        | 36/229 [00:20<01:34,  2.05it/s]
 16%|█▌        | 37/229 [00:21<01:52,  1.71it/s]
 17%|█▋        | 38/229 [00:21<01:47,  1.78it/s]
 17%|█▋        | 39/229 [00:22<02:00,  1.58it/s]
 17%|█▋        | 40/229 [00:23<02:08,  1.47it/s]
 18%|█▊        | 41/229 [00:23<01:51,  1.69it/s]
 18%|█▊        | 42/229 [00:24<01:40,  1.87it/s]
 19%|█▉        | 43/229 [00:24<01:54,  1.63it/s]
 19%|█▉        | 44/229 [00:25<02:03,  1.50it/s]
 20%|█▉        | 45/229 [00:26<01:54,  1.61it/s]
 20%|██        | 46/229 [00:27<02:03,  1.48it/s]
 21%|██        | 47/229 [00:27<01:32,  1.97it/s]
 21%|██        | 48/229 [00:27<01:21,  2.23it/s]
 21%|██▏       | 49/229 [00:28<01:36,  1.87it/s]
 22%|██▏       | 50/229 [00:28<01:21,  2.20it/s]
 22%|██▏       | 51/229 [00:29<01:28,  2.00it/s]
 23%|██▎       | 52/229 [00:29<01:22,  2.14it/s]
 23%|██▎       | 53/229 [00:30<01:29,  1.97it/s]
 24%|██▎       | 54/229 [00:30<01:38,  1.77it/s]
 24%|██▍       | 55/229 [00:31<01:50,  1.58it/s]
 24%|██▍       | 56/229 [00:32<01:46,  1.63it/s]
 25%|██▍       | 57/229 [00:32<01:44,  1.64it/s]
 25%|██▌       | 58/229 [00:33<01:54,  1.50it/s]
 26%|██▌       | 59/229 [00:33<01:30,  1.87it/s]
 26%|██▌       | 60/229 [00:34<01:43,  1.63it/s]
 27%|██▋       | 61/229 [00:34<01:26,  1.95it/s]
 27%|██▋       | 62/229 [00:35<01:07,  2.46it/s]
 28%|██▊       | 63/229 [00:35<01:27,  1.91it/s]
 28%|██▊       | 64/229 [00:36<01:41,  1.62it/s]
 28%|██▊       | 65/229 [00:37<01:51,  1.48it/s]
 29%|██▉       | 66/229 [00:38<02:08,  1.27it/s]
 29%|██▉       | 67/229 [00:39<02:08,  1.26it/s]
 30%|██▉       | 68/229 [00:39<01:34,  1.70it/s]
 30%|███       | 69/229 [00:39<01:28,  1.80it/s]
 31%|███       | 70/229 [00:40<01:14,  2.13it/s]
 31%|███       | 71/229 [00:40<01:01,  2.57it/s]
 31%|███▏      | 72/229 [00:40<00:50,  3.08it/s]
 32%|███▏      | 73/229 [00:40<00:51,  3.04it/s]
 32%|███▏      | 74/229 [00:41<01:10,  2.20it/s]
 33%|███▎      | 75/229 [00:41<00:58,  2.62it/s]
 33%|███▎      | 76/229 [00:42<01:01,  2.50it/s]
 34%|███▎      | 77/229 [00:42<00:49,  3.07it/s]
 34%|███▍      | 78/229 [00:43<01:13,  2.06it/s]
 34%|███▍      | 79/229 [00:43<01:05,  2.28it/s]
 35%|███▍      | 80/229 [00:43<00:53,  2.76it/s]
 35%|███▌      | 81/229 [00:44<00:54,  2.70it/s]
 36%|███▌      | 82/229 [00:45<01:14,  1.99it/s]
 36%|███▌      | 83/229 [00:45<01:08,  2.15it/s]
 37%|███▋      | 84/229 [00:45<00:53,  2.71it/s]
 37%|███▋      | 85/229 [00:46<01:11,  2.01it/s]
 38%|███▊      | 86/229 [00:46<01:12,  1.97it/s]
 38%|███▊      | 87/229 [00:47<01:04,  2.21it/s]
 38%|███▊      | 88/229 [00:48<01:18,  1.80it/s]
 39%|███▉      | 89/229 [00:48<01:27,  1.60it/s]
 39%|███▉      | 90/229 [00:49<01:23,  1.66it/s]
 40%|███▉      | 91/229 [00:50<01:31,  1.52it/s]
 40%|████      | 92/229 [00:50<01:13,  1.85it/s]
 41%|████      | 93/229 [00:51<01:23,  1.62it/s]
 41%|████      | 94/229 [00:51<01:21,  1.66it/s]
 41%|████▏     | 95/229 [00:52<01:11,  1.86it/s]
 42%|████▏     | 96/229 [00:52<00:53,  2.46it/s]
 42%|████▏     | 97/229 [00:52<00:56,  2.35it/s]
 43%|████▎     | 98/229 [00:53<00:53,  2.43it/s]
 43%|████▎     | 99/229 [00:53<00:47,  2.73it/s]
 44%|████▎     | 100/229 [00:54<01:03,  2.02it/s]
 44%|████▍     | 101/229 [00:54<01:15,  1.70it/s]
 45%|████▍     | 102/229 [00:55<01:22,  1.54it/s]
 45%|████▍     | 103/229 [00:56<01:27,  1.44it/s]
 45%|████▌     | 104/229 [00:56<01:05,  1.92it/s]
 46%|████▌     | 105/229 [00:57<01:06,  1.86it/s]
 46%|████▋     | 106/229 [00:57<00:50,  2.43it/s]
 47%|████▋     | 107/229 [00:57<00:49,  2.45it/s]
 47%|████▋     | 108/229 [00:58<00:44,  2.74it/s]
 48%|████▊     | 109/229 [00:58<00:59,  2.02it/s]
 48%|████▊     | 110/229 [00:59<01:09,  1.70it/s]
 48%|████▊     | 111/229 [01:00<01:14,  1.59it/s]
 49%|████▉     | 112/229 [01:01<01:19,  1.47it/s]
 49%|████▉     | 113/229 [01:01<01:23,  1.40it/s]
 50%|████▉     | 114/229 [01:02<01:10,  1.62it/s]
 50%|█████     | 115/229 [01:02<01:01,  1.86it/s]
 51%|█████     | 116/229 [01:03<01:09,  1.63it/s]
 51%|█████     | 117/229 [01:04<01:16,  1.47it/s]
 52%|█████▏    | 118/229 [01:04<01:00,  1.83it/s]
 52%|█████▏    | 119/229 [01:05<01:09,  1.58it/s]
 52%|█████▏    | 120/229 [01:06<01:14,  1.47it/s]
 53%|█████▎    | 121/229 [01:06<01:17,  1.40it/s]
 53%|█████▎    | 122/229 [01:07<01:08,  1.55it/s]
 54%|█████▎    | 123/229 [01:08<01:14,  1.42it/s]
 54%|█████▍    | 124/229 [01:09<01:18,  1.34it/s]
 55%|█████▍    | 125/229 [01:09<01:19,  1.30it/s]
 55%|█████▌    | 126/229 [01:10<01:19,  1.29it/s]
 55%|█████▌    | 127/229 [01:11<01:19,  1.28it/s]
 56%|█████▌    | 128/229 [01:12<01:19,  1.27it/s]
 56%|█████▋    | 129/229 [01:12<01:06,  1.50it/s]
 57%|█████▋    | 130/229 [01:13<01:09,  1.41it/s]
 57%|█████▋    | 131/229 [01:14<01:12,  1.35it/s]
 58%|█████▊    | 132/229 [01:14<01:03,  1.54it/s]
 58%|█████▊    | 133/229 [01:15<01:06,  1.44it/s]
 59%|█████▊    | 134/229 [01:15<00:53,  1.77it/s]
 59%|█████▉    | 135/229 [01:16<00:59,  1.58it/s]
 59%|█████▉    | 136/229 [01:17<01:04,  1.44it/s]
 60%|█████▉    | 137/229 [01:18<01:07,  1.37it/s]
 60%|██████    | 138/229 [01:18<00:52,  1.74it/s]
 61%|██████    | 139/229 [01:18<00:48,  1.85it/s]
 61%|██████    | 140/229 [01:19<00:46,  1.93it/s]
 62%|██████▏   | 141/229 [01:20<00:53,  1.64it/s]
 62%|██████▏   | 142/229 [01:21<00:57,  1.50it/s]
 62%|██████▏   | 143/229 [01:21<00:48,  1.77it/s]
 63%|██████▎   | 144/229 [01:21<00:38,  2.18it/s]
 63%|██████▎   | 145/229 [01:22<00:46,  1.79it/s]
 64%|██████▍   | 146/229 [01:22<00:39,  2.10it/s]
 64%|██████▍   | 147/229 [01:23<00:35,  2.31it/s]
 65%|██████▍   | 148/229 [01:23<00:43,  1.87it/s]
 65%|██████▌   | 149/229 [01:24<00:41,  1.93it/s]
 66%|██████▌   | 150/229 [01:24<00:36,  2.15it/s]
 66%|██████▌   | 151/229 [01:24<00:33,  2.35it/s]
 66%|██████▋   | 152/229 [01:25<00:31,  2.43it/s]
 67%|██████▋   | 153/229 [01:26<00:40,  1.89it/s]
 67%|██████▋   | 154/229 [01:26<00:33,  2.23it/s]
 68%|██████▊   | 155/229 [01:27<00:40,  1.81it/s]
 68%|██████▊   | 156/229 [01:27<00:31,  2.31it/s]
 69%|██████▊   | 157/229 [01:28<00:38,  1.85it/s]
 69%|██████▉   | 158/229 [01:28<00:44,  1.61it/s]
 69%|██████▉   | 159/229 [01:29<00:36,  1.89it/s]
 70%|██████▉   | 160/229 [01:29<00:30,  2.23it/s]
 70%|███████   | 161/229 [01:30<00:35,  1.91it/s]
 71%|███████   | 162/229 [01:31<00:40,  1.64it/s]
 71%|███████   | 163/229 [01:31<00:45,  1.46it/s]
 72%|███████▏  | 164/229 [01:32<00:37,  1.71it/s]
 72%|███████▏  | 165/229 [01:33<00:41,  1.54it/s]
 72%|███████▏  | 166/229 [01:33<00:42,  1.49it/s]
 73%|███████▎  | 167/229 [01:34<00:44,  1.41it/s]
 73%|███████▎  | 168/229 [01:35<00:42,  1.43it/s]
 74%|███████▍  | 169/229 [01:35<00:39,  1.51it/s]
 74%|███████▍  | 170/229 [01:36<00:31,  1.88it/s]
 75%|███████▍  | 171/229 [01:36<00:35,  1.64it/s]
 75%|███████▌  | 172/229 [01:37<00:36,  1.55it/s]
 76%|███████▌  | 173/229 [01:38<00:38,  1.45it/s]
 76%|███████▌  | 174/229 [01:39<00:37,  1.46it/s]
 76%|███████▋  | 175/229 [01:39<00:30,  1.77it/s]
 77%|███████▋  | 176/229 [01:39<00:23,  2.21it/s]
 77%|███████▋  | 177/229 [01:40<00:25,  2.06it/s]
 78%|███████▊  | 178/229 [01:40<00:21,  2.38it/s]
 78%|███████▊  | 179/229 [01:40<00:16,  2.94it/s]
 79%|███████▊  | 180/229 [01:41<00:23,  2.10it/s]
 79%|███████▉  | 181/229 [01:41<00:26,  1.82it/s]
 79%|███████▉  | 182/229 [01:42<00:29,  1.60it/s]
 80%|███████▉  | 183/229 [01:43<00:26,  1.76it/s]
 80%|████████  | 184/229 [01:44<00:28,  1.57it/s]
 81%|████████  | 185/229 [01:44<00:23,  1.90it/s]
 81%|████████  | 186/229 [01:45<00:26,  1.64it/s]
 82%|████████▏ | 187/229 [01:45<00:23,  1.79it/s]
 82%|████████▏ | 188/229 [01:46<00:26,  1.57it/s]
 83%|████████▎ | 189/229 [01:47<00:27,  1.46it/s]
 83%|████████▎ | 190/229 [01:47<00:27,  1.40it/s]
 83%|████████▎ | 191/229 [01:48<00:22,  1.67it/s]
 84%|████████▍ | 192/229 [01:49<00:24,  1.50it/s]
 84%|████████▍ | 193/229 [01:49<00:21,  1.70it/s]
 85%|████████▍ | 194/229 [01:50<00:20,  1.73it/s]
 85%|████████▌ | 195/229 [01:50<00:15,  2.13it/s]
 86%|████████▌ | 196/229 [01:51<00:18,  1.76it/s]
 86%|████████▌ | 197/229 [01:51<00:20,  1.58it/s]
 86%|████████▋ | 198/229 [01:52<00:19,  1.56it/s]
 87%|████████▋ | 199/229 [01:53<00:20,  1.45it/s]
 87%|████████▋ | 200/229 [01:54<00:20,  1.38it/s]
 88%|████████▊ | 201/229 [01:54<00:15,  1.78it/s]
 88%|████████▊ | 202/229 [01:54<00:11,  2.34it/s]
 89%|████████▊ | 203/229 [01:55<00:13,  1.86it/s]
 89%|████████▉ | 204/229 [01:55<00:10,  2.37it/s]
 90%|████████▉ | 205/229 [01:55<00:08,  2.75it/s]
 90%|████████▉ | 206/229 [01:56<00:11,  2.03it/s]
 90%|█████████ | 207/229 [01:56<00:11,  1.93it/s]
 91%|█████████ | 208/229 [01:57<00:11,  1.84it/s]
 91%|█████████▏| 209/229 [01:58<00:12,  1.61it/s]
 92%|█████████▏| 210/229 [01:59<00:12,  1.48it/s]
 92%|█████████▏| 211/229 [01:59<00:10,  1.77it/s]
 93%|█████████▎| 212/229 [02:00<00:10,  1.58it/s]
 93%|█████████▎| 213/229 [02:00<00:09,  1.76it/s]
 93%|█████████▎| 214/229 [02:01<00:09,  1.57it/s]
 94%|█████████▍| 215/229 [02:02<00:08,  1.61it/s]
 94%|█████████▍| 216/229 [02:02<00:08,  1.47it/s]
 95%|█████████▍| 217/229 [02:03<00:07,  1.54it/s]
 95%|█████████▌| 218/229 [02:04<00:07,  1.44it/s]
 96%|█████████▌| 219/229 [02:04<00:05,  1.77it/s]
 96%|█████████▌| 220/229 [02:05<00:05,  1.56it/s]
 97%|█████████▋| 221/229 [02:06<00:05,  1.46it/s]
 97%|█████████▋| 222/229 [02:06<00:05,  1.39it/s]
 97%|█████████▋| 223/229 [02:07<00:04,  1.35it/s]
 98%|█████████▊| 224/229 [02:08<00:03,  1.62it/s]
 98%|█████████▊| 225/229 [02:08<00:02,  1.49it/s]
 99%|█████████▊| 226/229 [02:09<00:02,  1.41it/s]
100%|█████████▉| 228/229 [02:10<00:00,  1.83it/s]
100%|██████████| 229/229 [02:10<00:00,  2.16it/s]
100%|██████████| 229/229 [02:10<00:00,  1.75it/s]
2024-05-05 07:59:47 INFO     Total 755972 tokens, accuracy: 0.78
2024-05-05 07:59:47 INFO     Epoch: 0 	 Dev accuracy: 0.007812458662490145
2024-05-05 07:59:47 INFO     phi model was trained successfully
2024-05-05 08:20:36 INFO     predictions were generated
2024-05-05 08:20:40 INFO     Total 7418640 tokens, accuracy: 0.78
2024-05-05 08:20:40 INFO     Final accuracy on the test dataset: 0.7796712065823386 %
2024-05-05 08:20:43 INFO     python dataset was loaded successfully
2024-05-05 09:32:57 INFO     predictions were generated
2024-05-05 09:33:09 INFO     Total 35925335 tokens, accuracy: 0.0
2024-05-05 09:33:09 INFO     Final accuracy on the test dataset: 0.0022296243027378868 %
{
    "kotlin_phi": {
        "accuracy": 0.007796712065823386
    }
}
slurmstepd: error: common_file_write_uint32s: write pid 468387 to /sys/fs/cgroup/cgroup.procs failed: Device or resource busy
slurmstepd: error: Unable to move pid 468387 to init root cgroup /sys/fs/cgroup
slurmstepd: error: error unlocking cgroup '/sys/fs/cgroup/system.slice/slurmstepd.scope' : Bad file descriptor
